<?xml version="1.0" encoding="UTF-8"?>
<!-- Generated by org.testng.reporters.JUnitXMLReporter -->
<testsuite ignored="0" hostname="LAPTOP-O1IA0A5B" failures="0" tests="5" name="Default test" time="42.787" errors="0" timestamp="2023-12-29T00:08:51 EST">
  <testcase classname="com.tutorialsninja.qa.TestCases.pt2.RegisterTest" name="verifyRegisterWithMandatoryFields" time="2.203"/>
  <testcase classname="com.tutorialsninja.qa.TestCases.pt2.RegisterTest" name="verifyRegisterWithAllFields" time="1.975"/>
  <testcase classname="com.tutorialsninja.qa.TestCases.pt2.RegisterTest" name="verifyRegisterWithNoFields" time="0.835"/>
  <testcase classname="com.tutorialsninja.qa.TestCases.pt2.RegisterTest" name="verifyRegisterWithExistingEmail" time="1.516"/>
  <testcase classname="com.tutorialsninja.qa.TestCases.pt2.RegisterTest" name="verifyRegisterWithMismatchPassword" time="1.514"/>
</testsuite> <!-- Default test -->
