<?xml version="1.0" encoding="UTF-8"?>
<!-- Generated by org.testng.reporters.JUnitXMLReporter -->
<testsuite ignored="0" hostname="LAPTOP-O1IA0A5B" failures="0" tests="19" name="Tutorialsninja Test" time="195.052" errors="0" timestamp="2024-01-04T11:13:58 EST">
  <testcase classname="com.tutorialsninja.qa.TestCases.pt2.LoginTest" name="verifyLoginWithValidCredentials" time="1.306"/>
  <testcase classname="com.tutorialsninja.qa.TestCases.pt2.LoginTest" name="verifyLoginWithValidCredentials" time="1.079"/>
  <testcase classname="com.tutorialsninja.qa.TestCases.pt2.LoginTest" name="verifyLoginWithValidCredentials" time="1.174"/>
  <testcase classname="com.tutorialsninja.qa.TestCases.pt2.LoginTest" name="verifyLoginWithValidCredentials" time="1.45"/>
  <testcase classname="com.tutorialsninja.qa.TestCases.pt2.LoginTest" name="verifyLoginWithValidCredentials" time="1.333"/>
  <testcase classname="com.tutorialsninja.qa.TestCases.pt2.LoginTest" name="verifyLoginWithValidCredentials" time="1.721"/>
  <testcase classname="com.tutorialsninja.qa.TestCases.pt2.LoginTest" name="verifyLoginWithInvalidCredentials" time="0.906"/>
  <testcase classname="com.tutorialsninja.qa.TestCases.pt2.LoginTest" name="verifyLoginWithValidEmailInvalidPassword" time="0.795"/>
  <testcase classname="com.tutorialsninja.qa.TestCases.pt2.LoginTest" name="verifyLoginWithInvalidEmailValidPassword" time="0.888"/>
  <testcase classname="com.tutorialsninja.qa.TestCases.pt2.LoginTest" name="verifyLoginWithNoCredentials" time="0.704"/>
  <testcase classname="com.tutorialsninja.qa.TestCases.pt2.SearchProductTest" name="verifySearchWithValidProduct" time="0.848"/>
  <testcase classname="com.tutorialsninja.qa.TestCases.pt2.SearchProductTest" name="verifySearchWithInvalidProduct" time="0.583"/>
  <testcase classname="com.tutorialsninja.qa.TestCases.pt2.SearchProductTest" name="verifySearchWithNoProduct" time="0.596"/>
  <testcase classname="com.tutorialsninja.qa.TestCases.pt2.RegisterTest" name="verifyRegisterWithMandatoryFields" time="1.8"/>
  <testcase classname="com.tutorialsninja.qa.TestCases.pt2.RegisterTest" name="verifyRegisterWithAllFields" time="2.1"/>
  <testcase classname="com.tutorialsninja.qa.TestCases.pt2.RegisterTest" name="verifyRegisterWithNoFields" time="0.674"/>
  <testcase classname="com.tutorialsninja.qa.TestCases.pt2.RegisterTest" name="verifyRegisterWithExistingEmail" time="1.44"/>
  <testcase classname="com.tutorialsninja.qa.TestCases.pt2.RegisterTest" name="verifyRegisterWithMismatchPassword" time="1.446"/>
  <testcase classname="com.tutorialsninja.qa.TestCases.pt2.AddToCartTest" name="addValidProductToCartTest" time="16.09"/>
</testsuite> <!-- Tutorialsninja Test -->
