<?xml version="1.0" encoding="UTF-8"?>
<testng-results ignored="0" total="19" passed="19" failed="0" skipped="0">
  <reporter-output>
  </reporter-output>
  <suite started-at="2024-01-04T11:10:41 EST" name="Tutorialsninja Suite" finished-at="2024-01-04T11:13:56 EST" duration-ms="195052">
    <groups>
    </groups>
    <test started-at="2024-01-04T11:10:41 EST" name="Tutorialsninja Test" finished-at="2024-01-04T11:13:56 EST" duration-ms="195052">
      <class name="com.tutorialsninja.qa.TestCases.pt2.AddToCartTest">
        <test-method is-config="true" signature="setUp()[pri:0, instance:com.tutorialsninja.qa.TestCases.pt2.AddToCartTest@7ef82753]" started-at="2024-01-04T11:13:33 EST" name="setUp" finished-at="2024-01-04T11:13:40 EST" duration-ms="7442" status="PASS">
          <reporter-output>
          </reporter-output>
        </test-method> <!-- setUp -->
        <test-method signature="addValidProductToCartTest()[pri:1, instance:com.tutorialsninja.qa.TestCases.pt2.AddToCartTest@7ef82753]" started-at="2024-01-04T11:13:40 EST" name="addValidProductToCartTest" finished-at="2024-01-04T11:13:56 EST" duration-ms="16090" status="PASS">
          <reporter-output>
          </reporter-output>
        </test-method> <!-- addValidProductToCartTest -->
        <test-method is-config="true" signature="tearDown()[pri:0, instance:com.tutorialsninja.qa.TestCases.pt2.AddToCartTest@7ef82753]" started-at="2024-01-04T11:13:56 EST" name="tearDown" finished-at="2024-01-04T11:13:56 EST" duration-ms="256" status="PASS">
          <reporter-output>
          </reporter-output>
        </test-method> <!-- tearDown -->
      </class> <!-- com.tutorialsninja.qa.TestCases.pt2.AddToCartTest -->
      <class name="com.tutorialsninja.qa.TestCases.pt2.LoginTest">
        <test-method is-config="true" signature="setUp()[pri:0, instance:com.tutorialsninja.qa.TestCases.pt2.LoginTest@6c1a5b54]" started-at="2024-01-04T11:10:42 EST" name="setUp" finished-at="2024-01-04T11:10:54 EST" duration-ms="11562" status="PASS">
          <reporter-output>
          </reporter-output>
        </test-method> <!-- setUp -->
        <test-method signature="verifyLoginWithValidCredentials(java.lang.String,java.lang.String)[pri:1, instance:com.tutorialsninja.qa.TestCases.pt2.LoginTest@6c1a5b54]" started-at="2024-01-04T11:10:54 EST" name="verifyLoginWithValidCredentials" data-provider="TNLogin" finished-at="2024-01-04T11:10:55 EST" duration-ms="1306" status="PASS">
          <params>
            <param index="0">
              <value>
                <![CDATA[seleniumpanda@gmail.com]]>
              </value>
            </param>
            <param index="1">
              <value>
                <![CDATA[Selenium@123]]>
              </value>
            </param>
          </params>
          <reporter-output>
          </reporter-output>
        </test-method> <!-- verifyLoginWithValidCredentials -->
        <test-method is-config="true" signature="tearDown()[pri:0, instance:com.tutorialsninja.qa.TestCases.pt2.LoginTest@6c1a5b54]" started-at="2024-01-04T11:10:55 EST" name="tearDown" finished-at="2024-01-04T11:10:55 EST" duration-ms="237" status="PASS">
          <reporter-output>
          </reporter-output>
        </test-method> <!-- tearDown -->
        <test-method is-config="true" signature="setUp()[pri:0, instance:com.tutorialsninja.qa.TestCases.pt2.LoginTest@6c1a5b54]" started-at="2024-01-04T11:10:55 EST" name="setUp" finished-at="2024-01-04T11:11:03 EST" duration-ms="8088" status="PASS">
          <reporter-output>
          </reporter-output>
        </test-method> <!-- setUp -->
        <test-method signature="verifyLoginWithValidCredentials(java.lang.String,java.lang.String)[pri:1, instance:com.tutorialsninja.qa.TestCases.pt2.LoginTest@6c1a5b54]" started-at="2024-01-04T11:11:03 EST" name="verifyLoginWithValidCredentials" data-provider="TNLogin" finished-at="2024-01-04T11:11:05 EST" duration-ms="1079" status="PASS">
          <params>
            <param index="0">
              <value>
                <![CDATA[seleniumpanda1@gmail.com]]>
              </value>
            </param>
            <param index="1">
              <value>
                <![CDATA[Selenium@123]]>
              </value>
            </param>
          </params>
          <reporter-output>
          </reporter-output>
        </test-method> <!-- verifyLoginWithValidCredentials -->
        <test-method is-config="true" signature="tearDown()[pri:0, instance:com.tutorialsninja.qa.TestCases.pt2.LoginTest@6c1a5b54]" started-at="2024-01-04T11:11:05 EST" name="tearDown" finished-at="2024-01-04T11:11:05 EST" duration-ms="154" status="PASS">
          <reporter-output>
          </reporter-output>
        </test-method> <!-- tearDown -->
        <test-method is-config="true" signature="setUp()[pri:0, instance:com.tutorialsninja.qa.TestCases.pt2.LoginTest@6c1a5b54]" started-at="2024-01-04T11:11:05 EST" name="setUp" finished-at="2024-01-04T11:11:13 EST" duration-ms="7973" status="PASS">
          <reporter-output>
          </reporter-output>
        </test-method> <!-- setUp -->
        <test-method signature="verifyLoginWithValidCredentials(java.lang.String,java.lang.String)[pri:1, instance:com.tutorialsninja.qa.TestCases.pt2.LoginTest@6c1a5b54]" started-at="2024-01-04T11:11:13 EST" name="verifyLoginWithValidCredentials" data-provider="TNLogin" finished-at="2024-01-04T11:11:14 EST" duration-ms="1174" status="PASS">
          <params>
            <param index="0">
              <value>
                <![CDATA[seleniumpanda2@gmail.com]]>
              </value>
            </param>
            <param index="1">
              <value>
                <![CDATA[Selenium@123]]>
              </value>
            </param>
          </params>
          <reporter-output>
          </reporter-output>
        </test-method> <!-- verifyLoginWithValidCredentials -->
        <test-method is-config="true" signature="tearDown()[pri:0, instance:com.tutorialsninja.qa.TestCases.pt2.LoginTest@6c1a5b54]" started-at="2024-01-04T11:11:14 EST" name="tearDown" finished-at="2024-01-04T11:11:14 EST" duration-ms="145" status="PASS">
          <reporter-output>
          </reporter-output>
        </test-method> <!-- tearDown -->
        <test-method is-config="true" signature="setUp()[pri:0, instance:com.tutorialsninja.qa.TestCases.pt2.LoginTest@6c1a5b54]" started-at="2024-01-04T11:11:14 EST" name="setUp" finished-at="2024-01-04T11:11:22 EST" duration-ms="7783" status="PASS">
          <reporter-output>
          </reporter-output>
        </test-method> <!-- setUp -->
        <test-method signature="verifyLoginWithValidCredentials(java.lang.String,java.lang.String)[pri:1, instance:com.tutorialsninja.qa.TestCases.pt2.LoginTest@6c1a5b54]" started-at="2024-01-04T11:11:22 EST" name="verifyLoginWithValidCredentials" data-provider="TNLogin" finished-at="2024-01-04T11:11:23 EST" duration-ms="1450" status="PASS">
          <params>
            <param index="0">
              <value>
                <![CDATA[seleniumpanda3@gmail.com]]>
              </value>
            </param>
            <param index="1">
              <value>
                <![CDATA[Selenium@123]]>
              </value>
            </param>
          </params>
          <reporter-output>
          </reporter-output>
        </test-method> <!-- verifyLoginWithValidCredentials -->
        <test-method is-config="true" signature="tearDown()[pri:0, instance:com.tutorialsninja.qa.TestCases.pt2.LoginTest@6c1a5b54]" started-at="2024-01-04T11:11:23 EST" name="tearDown" finished-at="2024-01-04T11:11:23 EST" duration-ms="171" status="PASS">
          <reporter-output>
          </reporter-output>
        </test-method> <!-- tearDown -->
        <test-method is-config="true" signature="setUp()[pri:0, instance:com.tutorialsninja.qa.TestCases.pt2.LoginTest@6c1a5b54]" started-at="2024-01-04T11:11:23 EST" name="setUp" finished-at="2024-01-04T11:11:31 EST" duration-ms="7883" status="PASS">
          <reporter-output>
          </reporter-output>
        </test-method> <!-- setUp -->
        <test-method signature="verifyLoginWithValidCredentials(java.lang.String,java.lang.String)[pri:1, instance:com.tutorialsninja.qa.TestCases.pt2.LoginTest@6c1a5b54]" started-at="2024-01-04T11:11:31 EST" name="verifyLoginWithValidCredentials" data-provider="TNLogin" finished-at="2024-01-04T11:11:33 EST" duration-ms="1333" status="PASS">
          <params>
            <param index="0">
              <value>
                <![CDATA[seleniumpanda4@gmail.com]]>
              </value>
            </param>
            <param index="1">
              <value>
                <![CDATA[Selenium@123]]>
              </value>
            </param>
          </params>
          <reporter-output>
          </reporter-output>
        </test-method> <!-- verifyLoginWithValidCredentials -->
        <test-method is-config="true" signature="tearDown()[pri:0, instance:com.tutorialsninja.qa.TestCases.pt2.LoginTest@6c1a5b54]" started-at="2024-01-04T11:11:33 EST" name="tearDown" finished-at="2024-01-04T11:11:33 EST" duration-ms="189" status="PASS">
          <reporter-output>
          </reporter-output>
        </test-method> <!-- tearDown -->
        <test-method is-config="true" signature="setUp()[pri:0, instance:com.tutorialsninja.qa.TestCases.pt2.LoginTest@6c1a5b54]" started-at="2024-01-04T11:11:33 EST" name="setUp" finished-at="2024-01-04T11:11:41 EST" duration-ms="8028" status="PASS">
          <reporter-output>
          </reporter-output>
        </test-method> <!-- setUp -->
        <test-method signature="verifyLoginWithValidCredentials(java.lang.String,java.lang.String)[pri:1, instance:com.tutorialsninja.qa.TestCases.pt2.LoginTest@6c1a5b54]" started-at="2024-01-04T11:11:41 EST" name="verifyLoginWithValidCredentials" data-provider="TNLogin" finished-at="2024-01-04T11:11:43 EST" duration-ms="1721" status="PASS">
          <params>
            <param index="0">
              <value>
                <![CDATA[seleniumpanda4@gmail.com]]>
              </value>
            </param>
            <param index="1">
              <value>
                <![CDATA[Selenium@123]]>
              </value>
            </param>
          </params>
          <reporter-output>
          </reporter-output>
        </test-method> <!-- verifyLoginWithValidCredentials -->
        <test-method is-config="true" signature="tearDown()[pri:0, instance:com.tutorialsninja.qa.TestCases.pt2.LoginTest@6c1a5b54]" started-at="2024-01-04T11:11:43 EST" name="tearDown" finished-at="2024-01-04T11:11:43 EST" duration-ms="168" status="PASS">
          <reporter-output>
          </reporter-output>
        </test-method> <!-- tearDown -->
        <test-method is-config="true" signature="setUp()[pri:0, instance:com.tutorialsninja.qa.TestCases.pt2.LoginTest@6c1a5b54]" started-at="2024-01-04T11:11:43 EST" name="setUp" finished-at="2024-01-04T11:11:51 EST" duration-ms="7828" status="PASS">
          <reporter-output>
          </reporter-output>
        </test-method> <!-- setUp -->
        <test-method signature="verifyLoginWithInvalidCredentials()[pri:2, instance:com.tutorialsninja.qa.TestCases.pt2.LoginTest@6c1a5b54]" started-at="2024-01-04T11:11:51 EST" name="verifyLoginWithInvalidCredentials" finished-at="2024-01-04T11:11:51 EST" duration-ms="906" status="PASS">
          <reporter-output>
          </reporter-output>
        </test-method> <!-- verifyLoginWithInvalidCredentials -->
        <test-method is-config="true" signature="tearDown()[pri:0, instance:com.tutorialsninja.qa.TestCases.pt2.LoginTest@6c1a5b54]" started-at="2024-01-04T11:11:51 EST" name="tearDown" finished-at="2024-01-04T11:11:52 EST" duration-ms="160" status="PASS">
          <reporter-output>
          </reporter-output>
        </test-method> <!-- tearDown -->
        <test-method is-config="true" signature="setUp()[pri:0, instance:com.tutorialsninja.qa.TestCases.pt2.LoginTest@6c1a5b54]" started-at="2024-01-04T11:11:52 EST" name="setUp" finished-at="2024-01-04T11:11:59 EST" duration-ms="7846" status="PASS">
          <reporter-output>
          </reporter-output>
        </test-method> <!-- setUp -->
        <test-method signature="verifyLoginWithValidEmailInvalidPassword()[pri:3, instance:com.tutorialsninja.qa.TestCases.pt2.LoginTest@6c1a5b54]" started-at="2024-01-04T11:11:59 EST" name="verifyLoginWithValidEmailInvalidPassword" finished-at="2024-01-04T11:12:00 EST" duration-ms="795" status="PASS">
          <reporter-output>
          </reporter-output>
        </test-method> <!-- verifyLoginWithValidEmailInvalidPassword -->
        <test-method is-config="true" signature="tearDown()[pri:0, instance:com.tutorialsninja.qa.TestCases.pt2.LoginTest@6c1a5b54]" started-at="2024-01-04T11:12:00 EST" name="tearDown" finished-at="2024-01-04T11:12:00 EST" duration-ms="164" status="PASS">
          <reporter-output>
          </reporter-output>
        </test-method> <!-- tearDown -->
        <test-method is-config="true" signature="setUp()[pri:0, instance:com.tutorialsninja.qa.TestCases.pt2.LoginTest@6c1a5b54]" started-at="2024-01-04T11:12:00 EST" name="setUp" finished-at="2024-01-04T11:12:08 EST" duration-ms="7946" status="PASS">
          <reporter-output>
          </reporter-output>
        </test-method> <!-- setUp -->
        <test-method signature="verifyLoginWithInvalidEmailValidPassword()[pri:4, instance:com.tutorialsninja.qa.TestCases.pt2.LoginTest@6c1a5b54]" started-at="2024-01-04T11:12:08 EST" name="verifyLoginWithInvalidEmailValidPassword" finished-at="2024-01-04T11:12:09 EST" duration-ms="888" status="PASS">
          <reporter-output>
          </reporter-output>
        </test-method> <!-- verifyLoginWithInvalidEmailValidPassword -->
        <test-method is-config="true" signature="tearDown()[pri:0, instance:com.tutorialsninja.qa.TestCases.pt2.LoginTest@6c1a5b54]" started-at="2024-01-04T11:12:09 EST" name="tearDown" finished-at="2024-01-04T11:12:09 EST" duration-ms="164" status="PASS">
          <reporter-output>
          </reporter-output>
        </test-method> <!-- tearDown -->
        <test-method is-config="true" signature="setUp()[pri:0, instance:com.tutorialsninja.qa.TestCases.pt2.LoginTest@6c1a5b54]" started-at="2024-01-04T11:12:09 EST" name="setUp" finished-at="2024-01-04T11:12:17 EST" duration-ms="7611" status="PASS">
          <reporter-output>
          </reporter-output>
        </test-method> <!-- setUp -->
        <test-method signature="verifyLoginWithNoCredentials()[pri:5, instance:com.tutorialsninja.qa.TestCases.pt2.LoginTest@6c1a5b54]" started-at="2024-01-04T11:12:17 EST" name="verifyLoginWithNoCredentials" finished-at="2024-01-04T11:12:18 EST" duration-ms="704" status="PASS">
          <reporter-output>
          </reporter-output>
        </test-method> <!-- verifyLoginWithNoCredentials -->
        <test-method is-config="true" signature="tearDown()[pri:0, instance:com.tutorialsninja.qa.TestCases.pt2.LoginTest@6c1a5b54]" started-at="2024-01-04T11:12:18 EST" name="tearDown" finished-at="2024-01-04T11:12:18 EST" duration-ms="183" status="PASS">
          <reporter-output>
          </reporter-output>
        </test-method> <!-- tearDown -->
      </class> <!-- com.tutorialsninja.qa.TestCases.pt2.LoginTest -->
      <class name="com.tutorialsninja.qa.TestCases.pt2.RegisterTest">
        <test-method is-config="true" signature="setUp()[pri:0, instance:com.tutorialsninja.qa.TestCases.pt2.RegisterTest@3e27ba32]" started-at="2024-01-04T11:12:42 EST" name="setUp" finished-at="2024-01-04T11:12:51 EST" duration-ms="8503" status="PASS">
          <reporter-output>
          </reporter-output>
        </test-method> <!-- setUp -->
        <test-method signature="verifyRegisterWithMandatoryFields()[pri:1, instance:com.tutorialsninja.qa.TestCases.pt2.RegisterTest@3e27ba32]" started-at="2024-01-04T11:12:51 EST" name="verifyRegisterWithMandatoryFields" finished-at="2024-01-04T11:12:52 EST" duration-ms="1800" status="PASS">
          <reporter-output>
          </reporter-output>
        </test-method> <!-- verifyRegisterWithMandatoryFields -->
        <test-method is-config="true" signature="tearDown()[pri:0, instance:com.tutorialsninja.qa.TestCases.pt2.RegisterTest@3e27ba32]" started-at="2024-01-04T11:12:52 EST" name="tearDown" finished-at="2024-01-04T11:12:53 EST" duration-ms="230" status="PASS">
          <reporter-output>
          </reporter-output>
        </test-method> <!-- tearDown -->
        <test-method is-config="true" signature="setUp()[pri:0, instance:com.tutorialsninja.qa.TestCases.pt2.RegisterTest@3e27ba32]" started-at="2024-01-04T11:12:53 EST" name="setUp" finished-at="2024-01-04T11:13:01 EST" duration-ms="8509" status="PASS">
          <reporter-output>
          </reporter-output>
        </test-method> <!-- setUp -->
        <test-method signature="verifyRegisterWithAllFields()[pri:2, instance:com.tutorialsninja.qa.TestCases.pt2.RegisterTest@3e27ba32]" started-at="2024-01-04T11:13:01 EST" name="verifyRegisterWithAllFields" finished-at="2024-01-04T11:13:03 EST" duration-ms="2100" status="PASS">
          <reporter-output>
          </reporter-output>
        </test-method> <!-- verifyRegisterWithAllFields -->
        <test-method is-config="true" signature="tearDown()[pri:0, instance:com.tutorialsninja.qa.TestCases.pt2.RegisterTest@3e27ba32]" started-at="2024-01-04T11:13:03 EST" name="tearDown" finished-at="2024-01-04T11:13:03 EST" duration-ms="172" status="PASS">
          <reporter-output>
          </reporter-output>
        </test-method> <!-- tearDown -->
        <test-method is-config="true" signature="setUp()[pri:0, instance:com.tutorialsninja.qa.TestCases.pt2.RegisterTest@3e27ba32]" started-at="2024-01-04T11:13:03 EST" name="setUp" finished-at="2024-01-04T11:13:12 EST" duration-ms="8479" status="PASS">
          <reporter-output>
          </reporter-output>
        </test-method> <!-- setUp -->
        <test-method signature="verifyRegisterWithNoFields()[pri:3, instance:com.tutorialsninja.qa.TestCases.pt2.RegisterTest@3e27ba32]" started-at="2024-01-04T11:13:12 EST" name="verifyRegisterWithNoFields" finished-at="2024-01-04T11:13:13 EST" duration-ms="674" status="PASS">
          <reporter-output>
          </reporter-output>
        </test-method> <!-- verifyRegisterWithNoFields -->
        <test-method is-config="true" signature="tearDown()[pri:0, instance:com.tutorialsninja.qa.TestCases.pt2.RegisterTest@3e27ba32]" started-at="2024-01-04T11:13:13 EST" name="tearDown" finished-at="2024-01-04T11:13:13 EST" duration-ms="186" status="PASS">
          <reporter-output>
          </reporter-output>
        </test-method> <!-- tearDown -->
        <test-method is-config="true" signature="setUp()[pri:0, instance:com.tutorialsninja.qa.TestCases.pt2.RegisterTest@3e27ba32]" started-at="2024-01-04T11:13:13 EST" name="setUp" finished-at="2024-01-04T11:13:21 EST" duration-ms="8456" status="PASS">
          <reporter-output>
          </reporter-output>
        </test-method> <!-- setUp -->
        <test-method signature="verifyRegisterWithExistingEmail()[pri:4, instance:com.tutorialsninja.qa.TestCases.pt2.RegisterTest@3e27ba32]" started-at="2024-01-04T11:13:21 EST" name="verifyRegisterWithExistingEmail" finished-at="2024-01-04T11:13:23 EST" duration-ms="1440" status="PASS">
          <reporter-output>
          </reporter-output>
        </test-method> <!-- verifyRegisterWithExistingEmail -->
        <test-method is-config="true" signature="tearDown()[pri:0, instance:com.tutorialsninja.qa.TestCases.pt2.RegisterTest@3e27ba32]" started-at="2024-01-04T11:13:23 EST" name="tearDown" finished-at="2024-01-04T11:13:23 EST" duration-ms="186" status="PASS">
          <reporter-output>
          </reporter-output>
        </test-method> <!-- tearDown -->
        <test-method is-config="true" signature="setUp()[pri:0, instance:com.tutorialsninja.qa.TestCases.pt2.RegisterTest@3e27ba32]" started-at="2024-01-04T11:13:23 EST" name="setUp" finished-at="2024-01-04T11:13:31 EST" duration-ms="8207" status="PASS">
          <reporter-output>
          </reporter-output>
        </test-method> <!-- setUp -->
        <test-method signature="verifyRegisterWithMismatchPassword()[pri:5, instance:com.tutorialsninja.qa.TestCases.pt2.RegisterTest@3e27ba32]" started-at="2024-01-04T11:13:31 EST" name="verifyRegisterWithMismatchPassword" finished-at="2024-01-04T11:13:33 EST" duration-ms="1446" status="PASS">
          <reporter-output>
          </reporter-output>
        </test-method> <!-- verifyRegisterWithMismatchPassword -->
        <test-method is-config="true" signature="tearDown()[pri:0, instance:com.tutorialsninja.qa.TestCases.pt2.RegisterTest@3e27ba32]" started-at="2024-01-04T11:13:33 EST" name="tearDown" finished-at="2024-01-04T11:13:33 EST" duration-ms="184" status="PASS">
          <reporter-output>
          </reporter-output>
        </test-method> <!-- tearDown -->
      </class> <!-- com.tutorialsninja.qa.TestCases.pt2.RegisterTest -->
      <class name="com.tutorialsninja.qa.TestCases.pt2.SearchProductTest">
        <test-method is-config="true" signature="setUp()[pri:0, instance:com.tutorialsninja.qa.TestCases.pt2.SearchProductTest@117159c0]" started-at="2024-01-04T11:12:18 EST" name="setUp" finished-at="2024-01-04T11:12:25 EST" duration-ms="6998" status="PASS">
          <reporter-output>
          </reporter-output>
        </test-method> <!-- setUp -->
        <test-method signature="verifySearchWithValidProduct()[pri:1, instance:com.tutorialsninja.qa.TestCases.pt2.SearchProductTest@117159c0]" started-at="2024-01-04T11:12:25 EST" name="verifySearchWithValidProduct" finished-at="2024-01-04T11:12:26 EST" duration-ms="848" status="PASS">
          <reporter-output>
          </reporter-output>
        </test-method> <!-- verifySearchWithValidProduct -->
        <test-method is-config="true" signature="tearDown()[pri:0, instance:com.tutorialsninja.qa.TestCases.pt2.SearchProductTest@117159c0]" started-at="2024-01-04T11:12:26 EST" name="tearDown" finished-at="2024-01-04T11:12:26 EST" duration-ms="165" status="PASS">
          <reporter-output>
          </reporter-output>
        </test-method> <!-- tearDown -->
        <test-method is-config="true" signature="setUp()[pri:0, instance:com.tutorialsninja.qa.TestCases.pt2.SearchProductTest@117159c0]" started-at="2024-01-04T11:12:26 EST" name="setUp" finished-at="2024-01-04T11:12:33 EST" duration-ms="7382" status="PASS">
          <reporter-output>
          </reporter-output>
        </test-method> <!-- setUp -->
        <test-method signature="verifySearchWithInvalidProduct()[pri:2, instance:com.tutorialsninja.qa.TestCases.pt2.SearchProductTest@117159c0]" started-at="2024-01-04T11:12:33 EST" name="verifySearchWithInvalidProduct" finished-at="2024-01-04T11:12:34 EST" duration-ms="583" status="PASS">
          <reporter-output>
          </reporter-output>
        </test-method> <!-- verifySearchWithInvalidProduct -->
        <test-method is-config="true" signature="tearDown()[pri:0, instance:com.tutorialsninja.qa.TestCases.pt2.SearchProductTest@117159c0]" started-at="2024-01-04T11:12:34 EST" name="tearDown" finished-at="2024-01-04T11:12:34 EST" duration-ms="146" status="PASS">
          <reporter-output>
          </reporter-output>
        </test-method> <!-- tearDown -->
        <test-method is-config="true" signature="setUp()[pri:0, instance:com.tutorialsninja.qa.TestCases.pt2.SearchProductTest@117159c0]" started-at="2024-01-04T11:12:34 EST" name="setUp" finished-at="2024-01-04T11:12:41 EST" duration-ms="7349" status="PASS">
          <reporter-output>
          </reporter-output>
        </test-method> <!-- setUp -->
        <test-method signature="verifySearchWithNoProduct()[pri:3, instance:com.tutorialsninja.qa.TestCases.pt2.SearchProductTest@117159c0]" started-at="2024-01-04T11:12:41 EST" name="verifySearchWithNoProduct" finished-at="2024-01-04T11:12:42 EST" duration-ms="596" status="PASS">
          <reporter-output>
          </reporter-output>
        </test-method> <!-- verifySearchWithNoProduct -->
        <test-method is-config="true" signature="tearDown()[pri:0, instance:com.tutorialsninja.qa.TestCases.pt2.SearchProductTest@117159c0]" started-at="2024-01-04T11:12:42 EST" name="tearDown" finished-at="2024-01-04T11:12:42 EST" duration-ms="159" status="PASS">
          <reporter-output>
          </reporter-output>
        </test-method> <!-- tearDown -->
      </class> <!-- com.tutorialsninja.qa.TestCases.pt2.SearchProductTest -->
    </test> <!-- Tutorialsninja Test -->
  </suite> <!-- Tutorialsninja Suite -->
</testng-results>
